
> ten30-next-second@0.1.0 build /home/berliangur/ten30/ten30-next-second
> next build

warn  - Invalid next.config.js options detected: 
  - The root value has an unexpected property, api, which is not in the list of allowed properties (amp, analyticsId, assetPrefix, basePath, cleanDistDir, compiler, compress, crossOrigin, devIndicators, distDir, env, eslint, excludeDefaultMomentLocales, experimental, exportPathMap, generateBuildId, generateEtags, headers, httpAgentOptions, i18n, images, onDemandEntries, optimizeFonts, output, outputFileTracing, pageExtensions, poweredByHeader, productionBrowserSourceMaps, publicRuntimeConfig, reactStrictMode, redirects, rewrites, sassOptions, serverRuntimeConfig, staticPageGenerationTimeout, swcMinify, trailingSlash, typescript, useFileSystemPublicRoutes, webpack).

See more info here: https://nextjs.org/docs/messages/invalid-next-config
info  - Linting and checking validity of types...

./pages/api/lib/ignorePaths.js
1:1  Warning: Assign array to a variable before exporting as module default  import/no-anonymous-default-export

info  - Need to disable some ESLint rules? Learn more here: https://nextjs.org/docs/basic-features/eslint#disabling-rules
info  - Creating an optimized production build...
info  - Compiled successfully
info  - Collecting page data...
info  - Generating static pages (0/3)
info  - Generating static pages (3/3)
info  - Finalizing page optimization...

Route (pages)                              Size     First Load JS
┌ ○ /                                      102 kB          175 kB
├   /_app                                  0 B            73.3 kB
├ ○ /404                                   182 B          73.5 kB
├ λ /api/eleven11                          0 B            73.3 kB
├ λ /api/eleven12                          0 B            73.3 kB
├ λ /api/first                             0 B            73.3 kB
├ λ /api/hello                             0 B            73.3 kB
└ λ /api/lib/ignorePaths                   0 B            73.3 kB
+ First Load JS shared by all              73.5 kB
  ├ chunks/framework-8d78bf989db74c8f.js   45.4 kB
  ├ chunks/main-4181c23fa88c376a.js        25.7 kB
  ├ chunks/pages/_app-09ef642793a6e1ba.js  328 B
  ├ chunks/webpack-925e9919cbc725a8.js     1.87 kB
  └ css/ab44ce7add5c3d11.css               247 B

λ  (Server)  server-side renders at runtime (uses getInitialProps or getServerSideProps)
○  (Static)  automatically rendered as static HTML (uses no initial props)

